<?xml version="1.0" encoding="UTF-8" ?>
<testsuite tests="12" failures="0" name="com.trueaccord.internal.admin.module.service.impl.DebtServiceImplTest" time="0.892" errors="0" skipped="0">
  <properties>
    <property name="idea.version" value="2020.2"/>
    <property name="java.runtime.name" value="OpenJDK Runtime Environment"/>
    <property name="java.vm.version" value="13.0.6+5-MTS"/>
    <property name="sun.boot.library.path" value="C:\Users\Chala\.jdks\azul-13.0.6\bin"/>
    <property name="jdk.vendor.version" value="Zulu13.37+21-CA"/>
    <property name="maven.multiModuleProjectDirectory" value="C:\Users\Chala\Desktop\New folder\internal-admin-module"/>
    <property name="java.vm.vendor" value="Azul Systems, Inc."/>
    <property name="java.vendor.url" value="http://www.azulsystems.com/"/>
    <property name="guice.disable.misplaced.annotation.check" value="true"/>
    <property name="path.separator" value=";"/>
    <property name="java.vm.name" value="OpenJDK 64-Bit Server VM"/>
    <property name="sun.os.patch.level" value=""/>
    <property name="user.script" value=""/>
    <property name="user.country" value="US"/>
    <property name="sun.java.launcher" value="SUN_STANDARD"/>
    <property name="java.vm.specification.name" value="Java Virtual Machine Specification"/>
    <property name="user.dir" value="C:\Users\Chala\Desktop\New folder\internal-admin-module"/>
    <property name="java.vm.compressedOopsMode" value="32-bit"/>
    <property name="java.runtime.version" value="13.0.6+5-MTS"/>
    <property name="os.arch" value="amd64"/>
    <property name="java.io.tmpdir" value="C:\Users\Chala\AppData\Local\Temp\"/>
    <property name="line.separator" value="
"/>
    <property name="java.vm.specification.vendor" value="Oracle Corporation"/>
    <property name="user.variant" value=""/>
    <property name="os.name" value="Windows 10"/>
    <property name="maven.ext.class.path" value="C:\Program Files\JetBrains\IntelliJ IDEA 2020.2\plugins\maven\lib\maven-event-listener.jar"/>
    <property name="classworlds.conf" value="C:\Program Files\JetBrains\IntelliJ IDEA 2020.2\plugins\maven\lib\maven3\bin\m2.conf"/>
    <property name="sun.jnu.encoding" value="Cp1252"/>
    <property name="java.library.path" value="C:\Users\Chala\.jdks\azul-13.0.6\bin;C:\WINDOWS\Sun\Java\bin;C:\WINDOWS\system32;C:\WINDOWS;C:\Program Files\Common Files\Oracle\Java\javapath;C:\Python39\Scripts\;C:\Python39\;C:\Program Files (x86)\Common Files\Oracle\Java\javapath;C:\Program Files (x86)\gino\v8.0;C:\WINDOWS\system32;C:\WINDOWS;C:\WINDOWS\System32\Wbem;C:\WINDOWS\System32\WindowsPowerShell\v1.0\;C:\Program Files (x86)\Simply Fortran 2\mingw-w64\bin;C:\Program Files (x86)\Simply Fortran 2\mingw-w64\x86_64-w64-mingw32\lib32;C:\Program Files (x86)\Simply Fortran 2\mingw-w64\x86_64-w64-mingw32\lib64;C:\Program Files (x86)\IVI Foundation\VISA\WinNT\Bin\;C:\Program Files\IVI Foundation\VISA\Win64\Bin\;C:\Program Files (x86)\IVI Foundation\VISA\WinNT\Bin;C:\Program Files\Git\cmd;C:\WINDOWS\System32\OpenSSH\;C:\Program Files\SourceGear\Common\DiffMerge\;C:\Program Files\Cloud Foundry;C:\Program Files\MongoDB\Server\4.2\bin;C:\Program Files\nodejs\;C:\ProgramData\chocolatey\bin;C:\Program Files\Java\jdk1.8.0_281\bin;C:\Program Files\MySQL\MySQL Shell 8.0\bin\;C:\Users\Chala\AppData\Local\Microsoft\WindowsApps;C:\Program Files\Docker Toolbox;C:\sqlite-tools-win32-x86-3310100\sqlite-tools-win32-x86-3310100;C:\Users\Chala\AppData\Local\GitHubDesktop\bin;C:\Program Files\JetBrains\IntelliJ IDEA 2020.2\bin;;C:\Program Files\JetBrains\IntelliJ IDEA Educational Edition 2020.2.3\bin;;C:\Users\Chala\AppData\Roaming\npm;C:\Users\Chala\AppData\Local\Programs\Microsoft VS Code\bin;C:\Program Files\MongoDB\Server\4.4\bin;C:\Program Files\MongoDB\Tools\100\bin;C:\Python39;C:\Program Files\Java\jdk1.8.0_281\bin;;."/>
    <property name="maven.conf" value="C:\Program Files\JetBrains\IntelliJ IDEA 2020.2\plugins\maven\lib\maven3/conf"/>
    <property name="jdk.debug" value="release"/>
    <property name="java.class.version" value="57.0"/>
    <property name="java.specification.name" value="Java Platform API Specification"/>
    <property name="sun.management.compiler" value="HotSpot 64-Bit Tiered Compilers"/>
    <property name="os.version" value="10.0"/>
    <property name="user.home" value="C:\Users\Chala"/>
    <property name="user.timezone" value="America/Chicago"/>
    <property name="file.encoding" value="UTF-8"/>
    <property name="java.specification.version" value="13"/>
    <property name="user.name" value="Chala"/>
    <property name="java.class.path" value="C:\Program Files\JetBrains\IntelliJ IDEA 2020.2\plugins\maven\lib\maven3\boot\plexus-classworlds-2.6.0.jar;C:\Program Files\JetBrains\IntelliJ IDEA 2020.2\plugins\maven\lib\maven3\boot\plexus-classworlds.license"/>
    <property name="java.vm.specification.version" value="13"/>
    <property name="sun.arch.data.model" value="64"/>
    <property name="sun.java.command" value="org.codehaus.classworlds.Launcher -Didea.version=2020.2 install"/>
    <property name="java.home" value="C:\Users\Chala\.jdks\azul-13.0.6"/>
    <property name="user.language" value="en"/>
    <property name="java.specification.vendor" value="Oracle Corporation"/>
    <property name="java.vm.info" value="mixed mode, sharing"/>
    <property name="java.version" value="13.0.6"/>
    <property name="java.vendor" value="Azul Systems, Inc."/>
    <property name="maven.home" value="C:\Program Files\JetBrains\IntelliJ IDEA 2020.2\plugins\maven\lib\maven3"/>
    <property name="file.separator" value="\"/>
    <property name="java.version.date" value="2021-01-19"/>
    <property name="java.vendor.url.bug" value="http://www.azulsystems.com/support/"/>
    <property name="sun.io.unicode.encoding" value="UnicodeLittle"/>
    <property name="sun.cpu.endian" value="little"/>
    <property name="java.vendor.version" value="Zulu13.37+21-CA"/>
    <property name="sun.cpu.isalist" value="amd64"/>
  </properties>
  <testcase classname="com.trueaccord.internal.admin.module.service.impl.DebtServiceImplTest" name="testIsPaymentCompletedWithNullData" time="0"/>
  <testcase classname="com.trueaccord.internal.admin.module.service.impl.DebtServiceImplTest" name="testIsPaymentCompletedWithCorrectData" time="0.833"/>
  <testcase classname="com.trueaccord.internal.admin.module.service.impl.DebtServiceImplTest" name="testHaveAPaymentPlanWithInCorrectData" time="0.002"/>
  <testcase classname="com.trueaccord.internal.admin.module.service.impl.DebtServiceImplTest" name="testHaveAPaymentPlanWithNullData" time="0"/>
  <testcase classname="com.trueaccord.internal.admin.module.service.impl.DebtServiceImplTest" name="testUpdatePaymentDueDateWithCorrectData" time="0.056"/>
  <testcase classname="com.trueaccord.internal.admin.module.service.impl.DebtServiceImplTest" name="testIsPaymentCompletedWithInCorrectData" time="0"/>
  <testcase classname="com.trueaccord.internal.admin.module.service.impl.DebtServiceImplTest" name="testHaveAPaymentPlanWithCorrectData" time="0"/>
  <testcase classname="com.trueaccord.internal.admin.module.service.impl.DebtServiceImplTest" name="testUpdatePaymentDueDateWithInCorrectData" time="0"/>
  <testcase classname="com.trueaccord.internal.admin.module.service.impl.DebtServiceImplTest" name="testIsPaidDebtWithInCorrectData" time="0.001"/>
  <testcase classname="com.trueaccord.internal.admin.module.service.impl.DebtServiceImplTest" name="testIsPaidDebtWithNullData" time="0"/>
  <testcase classname="com.trueaccord.internal.admin.module.service.impl.DebtServiceImplTest" name="testIsPaidDebtWithCorrectData" time="0"/>
  <testcase classname="com.trueaccord.internal.admin.module.service.impl.DebtServiceImplTest" name="testUpdatePaymentDueDateWithNullData" time="0"/>
</testsuite>